2023-03-14 20:57:40 - uvicorn.error - INFO - Will watch for changes in these directories: ['/Users/charlesholtzkampf/sentnl/oig-portal/backend']
2023-03-14 20:57:40 - uvicorn.error - INFO - Uvicorn running on http://127.0.0.1:8000 (Press CTRL+C to quit)
2023-03-14 20:57:40 - uvicorn.error - INFO - Started reloader process [52166] using StatReload
2023-03-14 20:58:03 - uvicorn.error - INFO - Started server process [52168]
2023-03-14 20:58:03 - uvicorn.error - INFO - Waiting for application startup.
2023-03-14 20:58:03 - uvicorn.error - INFO - Application startup complete.
2023-03-14 20:59:57 - uvicorn.access - INFO - 127.0.0.1:61105 - "GET /run?ignorecpucheck=false&ignorelastcheck=true&bp=eosriobrazil HTTP/1.1" 200
2023-03-14 20:59:57 - uvicorn.error - INFO - Shutting down
2023-03-14 20:59:57 - uvicorn.error - INFO - Finished server process [52168]
2023-03-14 20:59:57 - uvicorn.error - ERROR - Traceback (most recent call last):
  File "/Users/charlesholtzkampf/sentnl/oig-portal/lib/python3.11/site-packages/starlette/routing.py", line 686, in lifespan
    await receive()
  File "/Users/charlesholtzkampf/sentnl/oig-portal/lib/python3.11/site-packages/uvicorn/middleware/message_logger.py", line 62, in inner_receive
    message = await receive()
              ^^^^^^^^^^^^^^^
  File "/Users/charlesholtzkampf/sentnl/oig-portal/lib/python3.11/site-packages/uvicorn/lifespan/on.py", line 139, in receive
    return await self.receive_queue.get()
           ^^^^^^^^^^^^^^^^^^^^^^^^^^^^^^
  File "/Library/Frameworks/Python.framework/Versions/3.11/lib/python3.11/asyncio/queues.py", line 158, in get
    await getter
asyncio.exceptions.CancelledError

2023-03-14 20:59:57 - uvicorn.error - INFO - Stopping reloader process [52166]
